0 silly input []
1 silly flags { _: [ 'bootstrap' ], args: [] }
2 verbose rootPath /Users/morulus/Work/morulus/projects/erector
3 info version 2.1.0
4 silly existsSync /Users/morulus/Work/morulus/projects/erector/VERSION
5 silly initialize attempt
6 silly initialize success
7 silly execute attempt
8 info Bootstrapping 6 packages
9 info lifecycle preinstall
10 silly runScript preinstall erector-base-scripts
11 silly erector-base-scripts
12 silly runScript preinstall erector-core-transform-config
13 silly erector-core-transform-config
14 silly runScript preinstall erector
15 silly erector
16 silly runScript preinstall erector-node-utils
17 silly erector-node-utils
18 silly runScript preinstall erector-pretransform
19 silly erector-pretransform
20 silly runScript preinstall erector-cli
21 silly erector-cli
22 silly hasMatchingDependency erector-cli erector
23 silly hasMatchingDependency erector-cli erector-node-utils
24 silly hasDependencyInstalled erector-base-scripts erector-node-utils
25 silly dependencyIsSatisfied [ 'erector-node-utils',
25 silly dependencyIsSatisfied   'file:///Users/morulus/Work/morulus/projects/erector-node-utils',
25 silly dependencyIsSatisfied   '/Users/morulus/Work/morulus/projects/erector/packages/erector-base-scripts/node_modules' ]
26 verbose dependencyIsSatisfied erector-node-utils false
27 silly hasDependencyInstalled erector-cli chalk
28 silly dependencyIsSatisfied [ 'chalk',
28 silly dependencyIsSatisfied   '^1.1.3',
28 silly dependencyIsSatisfied   '/Users/morulus/Work/morulus/projects/erector/packages/erector-cli/node_modules' ]
29 verbose dependencyIsSatisfied chalk true
30 silly hasDependencyInstalled erector-cli cli-color
31 silly dependencyIsSatisfied [ 'cli-color',
31 silly dependencyIsSatisfied   '^1.2.0',
31 silly dependencyIsSatisfied   '/Users/morulus/Work/morulus/projects/erector/packages/erector-cli/node_modules' ]
32 verbose dependencyIsSatisfied cli-color true
33 silly hasDependencyInstalled erector-cli find-parent-dir
34 silly dependencyIsSatisfied [ 'find-parent-dir',
34 silly dependencyIsSatisfied   '^0.3.0',
34 silly dependencyIsSatisfied   '/Users/morulus/Work/morulus/projects/erector/packages/erector-cli/node_modules' ]
35 verbose dependencyIsSatisfied find-parent-dir true
36 silly hasDependencyInstalled erector-node-utils find-parent-dir
37 silly dependencyIsSatisfied [ 'find-parent-dir',
37 silly dependencyIsSatisfied   '^0.3.0',
37 silly dependencyIsSatisfied   '/Users/morulus/Work/morulus/projects/erector/packages/erector-node-utils/node_modules' ]
38 verbose dependencyIsSatisfied find-parent-dir true
39 silly hasDependencyInstalled erector-cli inquirer
40 silly dependencyIsSatisfied [ 'inquirer',
40 silly dependencyIsSatisfied   '^3.2.1',
40 silly dependencyIsSatisfied   '/Users/morulus/Work/morulus/projects/erector/packages/erector-cli/node_modules' ]
41 verbose dependencyIsSatisfied inquirer true
42 silly hasDependencyInstalled erector inquirer
43 silly dependencyIsSatisfied [ 'inquirer',
43 silly dependencyIsSatisfied   '1.2.3',
43 silly dependencyIsSatisfied   '/Users/morulus/Work/morulus/projects/erector/packages/erector-core/node_modules' ]
44 verbose dependencyIsSatisfied inquirer true
45 silly hasDependencyInstalled erector-cli minimist
46 silly dependencyIsSatisfied [ 'minimist',
46 silly dependencyIsSatisfied   '^1.1.3',
46 silly dependencyIsSatisfied   '/Users/morulus/Work/morulus/projects/erector/packages/erector-cli/node_modules' ]
47 verbose dependencyIsSatisfied minimist true
48 silly hasDependencyInstalled erector-core-transform-config babel-plugin-add-module-exports
49 silly dependencyIsSatisfied [ 'babel-plugin-add-module-exports',
49 silly dependencyIsSatisfied   '^0.2.1',
49 silly dependencyIsSatisfied   '/Users/morulus/Work/morulus/projects/erector/packages/erector-core-transform-config/node_modules' ]
50 verbose dependencyIsSatisfied babel-plugin-add-module-exports true
51 silly hasDependencyInstalled erector babel-plugin-add-module-exports
52 silly dependencyIsSatisfied [ 'babel-plugin-add-module-exports',
52 silly dependencyIsSatisfied   '0.2.1',
52 silly dependencyIsSatisfied   '/Users/morulus/Work/morulus/projects/erector/packages/erector-core/node_modules' ]
53 verbose dependencyIsSatisfied babel-plugin-add-module-exports true
54 silly hasDependencyInstalled erector-core-transform-config babel-plugin-check-es2015-constants
55 silly dependencyIsSatisfied [ 'babel-plugin-check-es2015-constants',
55 silly dependencyIsSatisfied   '^6.22.0',
55 silly dependencyIsSatisfied   '/Users/morulus/Work/morulus/projects/erector/packages/erector-core-transform-config/node_modules' ]
56 verbose dependencyIsSatisfied babel-plugin-check-es2015-constants true
57 silly hasDependencyInstalled erector babel-plugin-check-es2015-constants
58 silly dependencyIsSatisfied [ 'babel-plugin-check-es2015-constants',
58 silly dependencyIsSatisfied   '6.22.0',
58 silly dependencyIsSatisfied   '/Users/morulus/Work/morulus/projects/erector/packages/erector-core/node_modules' ]
59 verbose dependencyIsSatisfied babel-plugin-check-es2015-constants true
60 silly hasDependencyInstalled erector-core-transform-config babel-plugin-module-resolver
61 silly dependencyIsSatisfied [ 'babel-plugin-module-resolver',
61 silly dependencyIsSatisfied   '^2.7.1',
61 silly dependencyIsSatisfied   '/Users/morulus/Work/morulus/projects/erector/packages/erector-core-transform-config/node_modules' ]
62 verbose dependencyIsSatisfied babel-plugin-module-resolver true
63 silly hasDependencyInstalled erector babel-plugin-module-resolver
64 silly dependencyIsSatisfied [ 'babel-plugin-module-resolver',
64 silly dependencyIsSatisfied   '3.0.0-beta.4',
64 silly dependencyIsSatisfied   '/Users/morulus/Work/morulus/projects/erector/packages/erector-core/node_modules' ]
65 verbose dependencyIsSatisfied babel-plugin-module-resolver true
66 silly hasDependencyInstalled erector-core-transform-config babel-plugin-syntax-dynamic-import
67 silly dependencyIsSatisfied [ 'babel-plugin-syntax-dynamic-import',
67 silly dependencyIsSatisfied   '^6.18.0',
67 silly dependencyIsSatisfied   '/Users/morulus/Work/morulus/projects/erector/packages/erector-core-transform-config/node_modules' ]
68 verbose dependencyIsSatisfied babel-plugin-syntax-dynamic-import true
69 silly hasDependencyInstalled erector babel-plugin-syntax-dynamic-import
70 silly dependencyIsSatisfied [ 'babel-plugin-syntax-dynamic-import',
70 silly dependencyIsSatisfied   '6.18.0',
70 silly dependencyIsSatisfied   '/Users/morulus/Work/morulus/projects/erector/packages/erector-core/node_modules' ]
71 verbose dependencyIsSatisfied babel-plugin-syntax-dynamic-import true
72 silly hasDependencyInstalled erector-core-transform-config babel-plugin-syntax-trailing-function-commas
73 silly dependencyIsSatisfied [ 'babel-plugin-syntax-trailing-function-commas',
73 silly dependencyIsSatisfied   '^6.22.0',
73 silly dependencyIsSatisfied   '/Users/morulus/Work/morulus/projects/erector/packages/erector-core-transform-config/node_modules' ]
74 verbose dependencyIsSatisfied babel-plugin-syntax-trailing-function-commas true
75 silly hasDependencyInstalled erector babel-plugin-syntax-trailing-function-commas
76 silly dependencyIsSatisfied [ 'babel-plugin-syntax-trailing-function-commas',
76 silly dependencyIsSatisfied   '6.22.0',
76 silly dependencyIsSatisfied   '/Users/morulus/Work/morulus/projects/erector/packages/erector-core/node_modules' ]
77 verbose dependencyIsSatisfied babel-plugin-syntax-trailing-function-commas true
78 silly hasDependencyInstalled erector-core-transform-config babel-plugin-transform-class-properties
79 silly dependencyIsSatisfied [ 'babel-plugin-transform-class-properties',
79 silly dependencyIsSatisfied   '^6.24.1',
79 silly dependencyIsSatisfied   '/Users/morulus/Work/morulus/projects/erector/packages/erector-core-transform-config/node_modules' ]
80 verbose dependencyIsSatisfied babel-plugin-transform-class-properties true
81 silly hasDependencyInstalled erector babel-plugin-transform-class-properties
82 silly dependencyIsSatisfied [ 'babel-plugin-transform-class-properties',
82 silly dependencyIsSatisfied   '6.24.1',
82 silly dependencyIsSatisfied   '/Users/morulus/Work/morulus/projects/erector/packages/erector-core/node_modules' ]
83 verbose dependencyIsSatisfied babel-plugin-transform-class-properties true
84 silly hasDependencyInstalled erector-core-transform-config babel-plugin-transform-es2015-arrow-functions
85 silly dependencyIsSatisfied [ 'babel-plugin-transform-es2015-arrow-functions',
85 silly dependencyIsSatisfied   '^6.22.0',
85 silly dependencyIsSatisfied   '/Users/morulus/Work/morulus/projects/erector/packages/erector-core-transform-config/node_modules' ]
86 verbose dependencyIsSatisfied babel-plugin-transform-es2015-arrow-functions true
87 silly hasDependencyInstalled erector babel-plugin-transform-es2015-arrow-functions
88 silly dependencyIsSatisfied [ 'babel-plugin-transform-es2015-arrow-functions',
88 silly dependencyIsSatisfied   '6.22.0',
88 silly dependencyIsSatisfied   '/Users/morulus/Work/morulus/projects/erector/packages/erector-core/node_modules' ]
89 verbose dependencyIsSatisfied babel-plugin-transform-es2015-arrow-functions true
90 silly hasDependencyInstalled erector-core-transform-config babel-plugin-transform-es2015-block-scoped-functions
91 silly dependencyIsSatisfied [ 'babel-plugin-transform-es2015-block-scoped-functions',
91 silly dependencyIsSatisfied   '^6.22.0',
91 silly dependencyIsSatisfied   '/Users/morulus/Work/morulus/projects/erector/packages/erector-core-transform-config/node_modules' ]
92 verbose dependencyIsSatisfied babel-plugin-transform-es2015-block-scoped-functions true
93 silly hasDependencyInstalled erector babel-plugin-transform-es2015-block-scoped-functions
94 silly dependencyIsSatisfied [ 'babel-plugin-transform-es2015-block-scoped-functions',
94 silly dependencyIsSatisfied   '6.22.0',
94 silly dependencyIsSatisfied   '/Users/morulus/Work/morulus/projects/erector/packages/erector-core/node_modules' ]
95 verbose dependencyIsSatisfied babel-plugin-transform-es2015-block-scoped-functions true
96 silly hasDependencyInstalled erector-core-transform-config babel-plugin-transform-es2015-block-scoping
97 silly dependencyIsSatisfied [ 'babel-plugin-transform-es2015-block-scoping',
97 silly dependencyIsSatisfied   '^6.24.1',
97 silly dependencyIsSatisfied   '/Users/morulus/Work/morulus/projects/erector/packages/erector-core-transform-config/node_modules' ]
98 verbose dependencyIsSatisfied babel-plugin-transform-es2015-block-scoping true
99 silly hasDependencyInstalled erector babel-plugin-transform-es2015-block-scoping
100 silly dependencyIsSatisfied [ 'babel-plugin-transform-es2015-block-scoping',
100 silly dependencyIsSatisfied   '6.24.1',
100 silly dependencyIsSatisfied   '/Users/morulus/Work/morulus/projects/erector/packages/erector-core/node_modules' ]
101 verbose dependencyIsSatisfied babel-plugin-transform-es2015-block-scoping true
102 silly hasDependencyInstalled erector-core-transform-config babel-plugin-transform-es2015-classes
103 silly dependencyIsSatisfied [ 'babel-plugin-transform-es2015-classes',
103 silly dependencyIsSatisfied   '^6.24.1',
103 silly dependencyIsSatisfied   '/Users/morulus/Work/morulus/projects/erector/packages/erector-core-transform-config/node_modules' ]
104 verbose dependencyIsSatisfied babel-plugin-transform-es2015-classes true
105 silly hasDependencyInstalled erector babel-plugin-transform-es2015-classes
106 silly dependencyIsSatisfied [ 'babel-plugin-transform-es2015-classes',
106 silly dependencyIsSatisfied   '6.24.1',
106 silly dependencyIsSatisfied   '/Users/morulus/Work/morulus/projects/erector/packages/erector-core/node_modules' ]
107 verbose dependencyIsSatisfied babel-plugin-transform-es2015-classes true
108 silly hasDependencyInstalled erector-core-transform-config babel-plugin-transform-es2015-computed-properties
109 silly dependencyIsSatisfied [ 'babel-plugin-transform-es2015-computed-properties',
109 silly dependencyIsSatisfied   '^6.24.1',
109 silly dependencyIsSatisfied   '/Users/morulus/Work/morulus/projects/erector/packages/erector-core-transform-config/node_modules' ]
110 verbose dependencyIsSatisfied babel-plugin-transform-es2015-computed-properties true
111 silly hasDependencyInstalled erector babel-plugin-transform-es2015-computed-properties
112 silly dependencyIsSatisfied [ 'babel-plugin-transform-es2015-computed-properties',
112 silly dependencyIsSatisfied   '6.24.1',
112 silly dependencyIsSatisfied   '/Users/morulus/Work/morulus/projects/erector/packages/erector-core/node_modules' ]
113 verbose dependencyIsSatisfied babel-plugin-transform-es2015-computed-properties true
114 silly hasDependencyInstalled erector-core-transform-config babel-plugin-transform-es2015-destructuring
115 silly dependencyIsSatisfied [ 'babel-plugin-transform-es2015-destructuring',
115 silly dependencyIsSatisfied   '^6.23.0',
115 silly dependencyIsSatisfied   '/Users/morulus/Work/morulus/projects/erector/packages/erector-core-transform-config/node_modules' ]
116 verbose dependencyIsSatisfied babel-plugin-transform-es2015-destructuring true
117 silly hasDependencyInstalled erector babel-plugin-transform-es2015-destructuring
118 silly dependencyIsSatisfied [ 'babel-plugin-transform-es2015-destructuring',
118 silly dependencyIsSatisfied   '6.23.0',
118 silly dependencyIsSatisfied   '/Users/morulus/Work/morulus/projects/erector/packages/erector-core/node_modules' ]
119 verbose dependencyIsSatisfied babel-plugin-transform-es2015-destructuring true
120 silly hasDependencyInstalled erector-core-transform-config babel-plugin-transform-es2015-function-name
121 silly dependencyIsSatisfied [ 'babel-plugin-transform-es2015-function-name',
121 silly dependencyIsSatisfied   '^6.24.1',
121 silly dependencyIsSatisfied   '/Users/morulus/Work/morulus/projects/erector/packages/erector-core-transform-config/node_modules' ]
122 verbose dependencyIsSatisfied babel-plugin-transform-es2015-function-name true
123 silly hasDependencyInstalled erector babel-plugin-transform-es2015-function-name
124 silly dependencyIsSatisfied [ 'babel-plugin-transform-es2015-function-name',
124 silly dependencyIsSatisfied   '6.24.1',
124 silly dependencyIsSatisfied   '/Users/morulus/Work/morulus/projects/erector/packages/erector-core/node_modules' ]
125 verbose dependencyIsSatisfied babel-plugin-transform-es2015-function-name true
126 silly hasDependencyInstalled erector-core-transform-config babel-plugin-transform-es2015-modules-commonjs
127 silly dependencyIsSatisfied [ 'babel-plugin-transform-es2015-modules-commonjs',
127 silly dependencyIsSatisfied   '^6.24.1',
127 silly dependencyIsSatisfied   '/Users/morulus/Work/morulus/projects/erector/packages/erector-core-transform-config/node_modules' ]
128 verbose dependencyIsSatisfied babel-plugin-transform-es2015-modules-commonjs true
129 silly hasDependencyInstalled erector babel-plugin-transform-es2015-modules-commonjs
130 silly dependencyIsSatisfied [ 'babel-plugin-transform-es2015-modules-commonjs',
130 silly dependencyIsSatisfied   '6.24.1',
130 silly dependencyIsSatisfied   '/Users/morulus/Work/morulus/projects/erector/packages/erector-core/node_modules' ]
131 verbose dependencyIsSatisfied babel-plugin-transform-es2015-modules-commonjs true
132 silly hasDependencyInstalled erector-core-transform-config babel-plugin-transform-es2015-object-super
133 silly dependencyIsSatisfied [ 'babel-plugin-transform-es2015-object-super',
133 silly dependencyIsSatisfied   '^6.24.1',
133 silly dependencyIsSatisfied   '/Users/morulus/Work/morulus/projects/erector/packages/erector-core-transform-config/node_modules' ]
134 verbose dependencyIsSatisfied babel-plugin-transform-es2015-object-super true
135 silly hasDependencyInstalled erector babel-plugin-transform-es2015-object-super
136 silly dependencyIsSatisfied [ 'babel-plugin-transform-es2015-object-super',
136 silly dependencyIsSatisfied   '6.24.1',
136 silly dependencyIsSatisfied   '/Users/morulus/Work/morulus/projects/erector/packages/erector-core/node_modules' ]
137 verbose dependencyIsSatisfied babel-plugin-transform-es2015-object-super true
138 silly hasDependencyInstalled erector-core-transform-config babel-plugin-transform-es2015-parameters
139 silly dependencyIsSatisfied [ 'babel-plugin-transform-es2015-parameters',
139 silly dependencyIsSatisfied   '^6.24.1',
139 silly dependencyIsSatisfied   '/Users/morulus/Work/morulus/projects/erector/packages/erector-core-transform-config/node_modules' ]
140 verbose dependencyIsSatisfied babel-plugin-transform-es2015-parameters true
141 silly hasDependencyInstalled erector babel-plugin-transform-es2015-parameters
142 silly dependencyIsSatisfied [ 'babel-plugin-transform-es2015-parameters',
142 silly dependencyIsSatisfied   '6.24.1',
142 silly dependencyIsSatisfied   '/Users/morulus/Work/morulus/projects/erector/packages/erector-core/node_modules' ]
143 verbose dependencyIsSatisfied babel-plugin-transform-es2015-parameters true
144 silly hasDependencyInstalled erector-core-transform-config babel-plugin-transform-es2015-shorthand-properties
145 silly dependencyIsSatisfied [ 'babel-plugin-transform-es2015-shorthand-properties',
145 silly dependencyIsSatisfied   '^6.24.1',
145 silly dependencyIsSatisfied   '/Users/morulus/Work/morulus/projects/erector/packages/erector-core-transform-config/node_modules' ]
146 verbose dependencyIsSatisfied babel-plugin-transform-es2015-shorthand-properties true
147 silly hasDependencyInstalled erector babel-plugin-transform-es2015-shorthand-properties
148 silly dependencyIsSatisfied [ 'babel-plugin-transform-es2015-shorthand-properties',
148 silly dependencyIsSatisfied   '6.24.1',
148 silly dependencyIsSatisfied   '/Users/morulus/Work/morulus/projects/erector/packages/erector-core/node_modules' ]
149 verbose dependencyIsSatisfied babel-plugin-transform-es2015-shorthand-properties true
150 silly hasDependencyInstalled erector-core-transform-config babel-plugin-transform-es2015-spread
151 silly dependencyIsSatisfied [ 'babel-plugin-transform-es2015-spread',
151 silly dependencyIsSatisfied   '^6.22.0',
151 silly dependencyIsSatisfied   '/Users/morulus/Work/morulus/projects/erector/packages/erector-core-transform-config/node_modules' ]
152 verbose dependencyIsSatisfied babel-plugin-transform-es2015-spread true
153 silly hasDependencyInstalled erector babel-plugin-transform-es2015-spread
154 silly dependencyIsSatisfied [ 'babel-plugin-transform-es2015-spread',
154 silly dependencyIsSatisfied   '6.22.0',
154 silly dependencyIsSatisfied   '/Users/morulus/Work/morulus/projects/erector/packages/erector-core/node_modules' ]
155 verbose dependencyIsSatisfied babel-plugin-transform-es2015-spread true
156 silly hasDependencyInstalled erector-core-transform-config babel-plugin-transform-es2015-template-literals
157 silly dependencyIsSatisfied [ 'babel-plugin-transform-es2015-template-literals',
157 silly dependencyIsSatisfied   '^6.22.0',
157 silly dependencyIsSatisfied   '/Users/morulus/Work/morulus/projects/erector/packages/erector-core-transform-config/node_modules' ]
158 verbose dependencyIsSatisfied babel-plugin-transform-es2015-template-literals true
159 silly hasDependencyInstalled erector babel-plugin-transform-es2015-template-literals
160 silly dependencyIsSatisfied [ 'babel-plugin-transform-es2015-template-literals',
160 silly dependencyIsSatisfied   '6.22.0',
160 silly dependencyIsSatisfied   '/Users/morulus/Work/morulus/projects/erector/packages/erector-core/node_modules' ]
161 verbose dependencyIsSatisfied babel-plugin-transform-es2015-template-literals true
162 silly hasDependencyInstalled erector-core-transform-config babel-plugin-transform-export-extensions
163 silly dependencyIsSatisfied [ 'babel-plugin-transform-export-extensions',
163 silly dependencyIsSatisfied   '^6.22.0',
163 silly dependencyIsSatisfied   '/Users/morulus/Work/morulus/projects/erector/packages/erector-core-transform-config/node_modules' ]
164 verbose dependencyIsSatisfied babel-plugin-transform-export-extensions true
165 silly hasDependencyInstalled erector babel-plugin-transform-export-extensions
166 silly dependencyIsSatisfied [ 'babel-plugin-transform-export-extensions',
166 silly dependencyIsSatisfied   '6.22.0',
166 silly dependencyIsSatisfied   '/Users/morulus/Work/morulus/projects/erector/packages/erector-core/node_modules' ]
167 verbose dependencyIsSatisfied babel-plugin-transform-export-extensions true
168 silly hasDependencyInstalled erector-core-transform-config babel-plugin-transform-function-bind
169 silly dependencyIsSatisfied [ 'babel-plugin-transform-function-bind',
169 silly dependencyIsSatisfied   '^6.22.0',
169 silly dependencyIsSatisfied   '/Users/morulus/Work/morulus/projects/erector/packages/erector-core-transform-config/node_modules' ]
170 verbose dependencyIsSatisfied babel-plugin-transform-function-bind true
171 silly hasDependencyInstalled erector babel-plugin-transform-function-bind
172 silly dependencyIsSatisfied [ 'babel-plugin-transform-function-bind',
172 silly dependencyIsSatisfied   '6.22.0',
172 silly dependencyIsSatisfied   '/Users/morulus/Work/morulus/projects/erector/packages/erector-core/node_modules' ]
173 verbose dependencyIsSatisfied babel-plugin-transform-function-bind true
174 silly hasDependencyInstalled erector-core-transform-config babel-plugin-transform-object-assign
175 silly dependencyIsSatisfied [ 'babel-plugin-transform-object-assign',
175 silly dependencyIsSatisfied   '^6.22.0',
175 silly dependencyIsSatisfied   '/Users/morulus/Work/morulus/projects/erector/packages/erector-core-transform-config/node_modules' ]
176 verbose dependencyIsSatisfied babel-plugin-transform-object-assign true
177 silly hasDependencyInstalled erector babel-plugin-transform-object-assign
178 silly dependencyIsSatisfied [ 'babel-plugin-transform-object-assign',
178 silly dependencyIsSatisfied   '6.8.0',
178 silly dependencyIsSatisfied   '/Users/morulus/Work/morulus/projects/erector/packages/erector-core/node_modules' ]
179 verbose dependencyIsSatisfied babel-plugin-transform-object-assign true
180 silly hasDependencyInstalled erector-core-transform-config babel-plugin-transform-object-rest-spread
181 silly dependencyIsSatisfied [ 'babel-plugin-transform-object-rest-spread',
181 silly dependencyIsSatisfied   '^6.23.0',
181 silly dependencyIsSatisfied   '/Users/morulus/Work/morulus/projects/erector/packages/erector-core-transform-config/node_modules' ]
182 verbose dependencyIsSatisfied babel-plugin-transform-object-rest-spread true
183 silly hasDependencyInstalled erector babel-plugin-transform-object-rest-spread
184 silly dependencyIsSatisfied [ 'babel-plugin-transform-object-rest-spread',
184 silly dependencyIsSatisfied   '6.23.0',
184 silly dependencyIsSatisfied   '/Users/morulus/Work/morulus/projects/erector/packages/erector-core/node_modules' ]
185 verbose dependencyIsSatisfied babel-plugin-transform-object-rest-spread true
186 silly hasDependencyInstalled erector-core-transform-config babel-plugin-transform-regenerator
187 silly dependencyIsSatisfied [ 'babel-plugin-transform-regenerator',
187 silly dependencyIsSatisfied   '^6.24.1',
187 silly dependencyIsSatisfied   '/Users/morulus/Work/morulus/projects/erector/packages/erector-core-transform-config/node_modules' ]
188 verbose dependencyIsSatisfied babel-plugin-transform-regenerator true
189 silly hasDependencyInstalled erector babel-plugin-transform-regenerator
190 silly dependencyIsSatisfied [ 'babel-plugin-transform-regenerator',
190 silly dependencyIsSatisfied   '^6.24.1',
190 silly dependencyIsSatisfied   '/Users/morulus/Work/morulus/projects/erector/packages/erector-core/node_modules' ]
191 verbose dependencyIsSatisfied babel-plugin-transform-regenerator true
192 silly hasDependencyInstalled erector-core-transform-config babel-plugin-transform-runtime
193 silly dependencyIsSatisfied [ 'babel-plugin-transform-runtime',
193 silly dependencyIsSatisfied   '^6.23.0',
193 silly dependencyIsSatisfied   '/Users/morulus/Work/morulus/projects/erector/packages/erector-core-transform-config/node_modules' ]
194 verbose dependencyIsSatisfied babel-plugin-transform-runtime true
195 silly hasDependencyInstalled erector babel-plugin-transform-runtime
196 silly dependencyIsSatisfied [ 'babel-plugin-transform-runtime',
196 silly dependencyIsSatisfied   '6.23.0',
196 silly dependencyIsSatisfied   '/Users/morulus/Work/morulus/projects/erector/packages/erector-core/node_modules' ]
197 verbose dependencyIsSatisfied babel-plugin-transform-runtime true
198 silly hasDependencyInstalled erector-core-transform-config babel-runtime
199 silly dependencyIsSatisfied [ 'babel-runtime',
199 silly dependencyIsSatisfied   '^6.25.0',
199 silly dependencyIsSatisfied   '/Users/morulus/Work/morulus/projects/erector/packages/erector-core-transform-config/node_modules' ]
200 verbose dependencyIsSatisfied babel-runtime true
201 silly hasDependencyInstalled erector babel-runtime
202 silly dependencyIsSatisfied [ 'babel-runtime',
202 silly dependencyIsSatisfied   '6.23.0',
202 silly dependencyIsSatisfied   '/Users/morulus/Work/morulus/projects/erector/packages/erector-core/node_modules' ]
203 verbose dependencyIsSatisfied babel-runtime true
204 silly hasDependencyInstalled erector-core-transform-config regenerator-runtime
205 silly dependencyIsSatisfied [ 'regenerator-runtime',
205 silly dependencyIsSatisfied   '^0.11.0',
205 silly dependencyIsSatisfied   '/Users/morulus/Work/morulus/projects/erector/packages/erector-core-transform-config/node_modules' ]
206 verbose dependencyIsSatisfied regenerator-runtime true
207 silly hasDependencyInstalled erector github-markdown-render
208 silly dependencyIsSatisfied [ 'github-markdown-render',
208 silly dependencyIsSatisfied   '2.1.0',
208 silly dependencyIsSatisfied   '/Users/morulus/Work/morulus/projects/erector/packages/erector-core/node_modules' ]
209 verbose dependencyIsSatisfied github-markdown-render true
210 silly hasDependencyInstalled erector ansi-styles
211 silly dependencyIsSatisfied [ 'ansi-styles',
211 silly dependencyIsSatisfied   '2.2.1',
211 silly dependencyIsSatisfied   '/Users/morulus/Work/morulus/projects/erector/packages/erector-core/node_modules' ]
212 verbose dependencyIsSatisfied ansi-styles true
213 silly hasDependencyInstalled erector babel-eslint
214 silly dependencyIsSatisfied [ 'babel-eslint',
214 silly dependencyIsSatisfied   '7.2.3',
214 silly dependencyIsSatisfied   '/Users/morulus/Work/morulus/projects/erector/packages/erector-core/node_modules' ]
215 verbose dependencyIsSatisfied babel-eslint true
216 silly hasDependencyInstalled erector babel-plugin-replace-identifiers
217 silly dependencyIsSatisfied [ 'babel-plugin-replace-identifiers',
217 silly dependencyIsSatisfied   '^0.1.1',
217 silly dependencyIsSatisfied   '/Users/morulus/Work/morulus/projects/erector/packages/erector-core/node_modules' ]
218 verbose dependencyIsSatisfied babel-plugin-replace-identifiers true
219 silly hasDependencyInstalled erector babel-plugin-syntax-jsx
220 silly dependencyIsSatisfied [ 'babel-plugin-syntax-jsx',
220 silly dependencyIsSatisfied   '6.18.0',
220 silly dependencyIsSatisfied   '/Users/morulus/Work/morulus/projects/erector/packages/erector-core/node_modules' ]
221 verbose dependencyIsSatisfied babel-plugin-syntax-jsx true
222 silly hasDependencyInstalled erector babel-plugin-transform-string-literal-replace
223 silly dependencyIsSatisfied [ 'babel-plugin-transform-string-literal-replace',
223 silly dependencyIsSatisfied   '^1.0.2',
223 silly dependencyIsSatisfied   '/Users/morulus/Work/morulus/projects/erector/packages/erector-core/node_modules' ]
224 verbose dependencyIsSatisfied babel-plugin-transform-string-literal-replace true
225 silly hasDependencyInstalled erector babel-register
226 silly dependencyIsSatisfied [ 'babel-register',
226 silly dependencyIsSatisfied   '6.18.0',
226 silly dependencyIsSatisfied   '/Users/morulus/Work/morulus/projects/erector/packages/erector-core/node_modules' ]
227 verbose dependencyIsSatisfied babel-register true
228 silly hasDependencyInstalled erector chokidar
229 silly dependencyIsSatisfied [ 'chokidar',
229 silly dependencyIsSatisfied   '1.6.1',
229 silly dependencyIsSatisfied   '/Users/morulus/Work/morulus/projects/erector/packages/erector-core/node_modules' ]
230 verbose dependencyIsSatisfied chokidar true
231 silly hasDependencyInstalled erector cross-spawn
232 silly dependencyIsSatisfied [ 'cross-spawn',
232 silly dependencyIsSatisfied   '5.0.1',
232 silly dependencyIsSatisfied   '/Users/morulus/Work/morulus/projects/erector/packages/erector-core/node_modules' ]
233 verbose dependencyIsSatisfied cross-spawn true
234 silly hasDependencyInstalled erector ejs
235 silly dependencyIsSatisfied [ 'ejs',
235 silly dependencyIsSatisfied   '^2.5.7',
235 silly dependencyIsSatisfied   '/Users/morulus/Work/morulus/projects/erector/packages/erector-core/node_modules' ]
236 verbose dependencyIsSatisfied ejs true
237 silly hasDependencyInstalled erector erector-core-transform-config
238 silly dependencyIsSatisfied [ 'erector-core-transform-config',
238 silly dependencyIsSatisfied   'file:///Users/morulus/Work/morulus/projects/erector-core-transform-config',
238 silly dependencyIsSatisfied   '/Users/morulus/Work/morulus/projects/erector/packages/erector-core/node_modules' ]
239 verbose dependencyIsSatisfied erector-core-transform-config false
240 silly hasDependencyInstalled erector-pretransform erector-core-transform-config
241 silly dependencyIsSatisfied [ 'erector-core-transform-config',
241 silly dependencyIsSatisfied   'file:///Users/morulus/Work/morulus/projects/erector-core-transform-config',
241 silly dependencyIsSatisfied   '/Users/morulus/Work/morulus/projects/erector/packages/erector-pretransform/node_modules' ]
242 verbose dependencyIsSatisfied erector-core-transform-config false
243 silly hasDependencyInstalled erector eslint
244 silly dependencyIsSatisfied [ 'eslint',
244 silly dependencyIsSatisfied   '^4.4.1',
244 silly dependencyIsSatisfied   '/Users/morulus/Work/morulus/projects/erector/packages/erector-core/node_modules' ]
245 verbose dependencyIsSatisfied eslint true
246 silly hasDependencyInstalled erector express
247 silly dependencyIsSatisfied [ 'express',
247 silly dependencyIsSatisfied   '4.15.2',
247 silly dependencyIsSatisfied   '/Users/morulus/Work/morulus/projects/erector/packages/erector-core/node_modules' ]
248 verbose dependencyIsSatisfied express true
249 silly hasDependencyInstalled erector gulp
250 silly dependencyIsSatisfied [ 'gulp',
250 silly dependencyIsSatisfied   '3.9.1',
250 silly dependencyIsSatisfied   '/Users/morulus/Work/morulus/projects/erector/packages/erector-core/node_modules' ]
251 verbose dependencyIsSatisfied gulp true
252 silly hasDependencyInstalled erector-pretransform gulp
253 silly dependencyIsSatisfied [ 'gulp',
253 silly dependencyIsSatisfied   '^3.9.1',
253 silly dependencyIsSatisfied   '/Users/morulus/Work/morulus/projects/erector/packages/erector-pretransform/node_modules' ]
254 verbose dependencyIsSatisfied gulp true
255 silly hasDependencyInstalled erector gulp-babel
256 silly dependencyIsSatisfied [ 'gulp-babel',
256 silly dependencyIsSatisfied   '6.1.2',
256 silly dependencyIsSatisfied   '/Users/morulus/Work/morulus/projects/erector/packages/erector-core/node_modules' ]
257 verbose dependencyIsSatisfied gulp-babel true
258 silly hasDependencyInstalled erector-pretransform gulp-babel
259 silly dependencyIsSatisfied [ 'gulp-babel',
259 silly dependencyIsSatisfied   '^7.0.0',
259 silly dependencyIsSatisfied   '/Users/morulus/Work/morulus/projects/erector/packages/erector-pretransform/node_modules' ]
260 verbose dependencyIsSatisfied gulp-babel true
261 silly hasDependencyInstalled erector gulp-watch
262 silly dependencyIsSatisfied [ 'gulp-watch',
262 silly dependencyIsSatisfied   '4.3.11',
262 silly dependencyIsSatisfied   '/Users/morulus/Work/morulus/projects/erector/packages/erector-core/node_modules' ]
263 verbose dependencyIsSatisfied gulp-watch true
264 silly hasDependencyInstalled erector-pretransform gulp-watch
265 silly dependencyIsSatisfied [ 'gulp-watch',
265 silly dependencyIsSatisfied   '^4.3.11',
265 silly dependencyIsSatisfied   '/Users/morulus/Work/morulus/projects/erector/packages/erector-pretransform/node_modules' ]
266 verbose dependencyIsSatisfied gulp-watch true
267 silly hasDependencyInstalled erector lodash.isplainobject
268 silly dependencyIsSatisfied [ 'lodash.isplainobject',
268 silly dependencyIsSatisfied   '4.0.6',
268 silly dependencyIsSatisfied   '/Users/morulus/Work/morulus/projects/erector/packages/erector-core/node_modules' ]
269 verbose dependencyIsSatisfied lodash.isplainobject true
270 silly hasDependencyInstalled erector loophole
271 silly dependencyIsSatisfied [ 'loophole',
271 silly dependencyIsSatisfied   '^1.1.0',
271 silly dependencyIsSatisfied   '/Users/morulus/Work/morulus/projects/erector/packages/erector-core/node_modules' ]
272 verbose dependencyIsSatisfied loophole true
273 silly hasDependencyInstalled erector map-stream
274 silly dependencyIsSatisfied [ 'map-stream',
274 silly dependencyIsSatisfied   '0.0.7',
274 silly dependencyIsSatisfied   '/Users/morulus/Work/morulus/projects/erector/packages/erector-core/node_modules' ]
275 verbose dependencyIsSatisfied map-stream true
276 silly hasDependencyInstalled erector mkdirp
277 silly dependencyIsSatisfied [ 'mkdirp',
277 silly dependencyIsSatisfied   '0.5.1',
277 silly dependencyIsSatisfied   '/Users/morulus/Work/morulus/projects/erector/packages/erector-core/node_modules' ]
278 verbose dependencyIsSatisfied mkdirp true
279 silly hasDependencyInstalled erector ncp
280 silly dependencyIsSatisfied [ 'ncp',
280 silly dependencyIsSatisfied   '2.0.0',
280 silly dependencyIsSatisfied   '/Users/morulus/Work/morulus/projects/erector/packages/erector-core/node_modules' ]
281 verbose dependencyIsSatisfied ncp true
282 silly hasDependencyInstalled erector reciprocator
283 silly dependencyIsSatisfied [ 'reciprocator',
283 silly dependencyIsSatisfied   '0.3.1-alfa.1',
283 silly dependencyIsSatisfied   '/Users/morulus/Work/morulus/projects/erector/packages/erector-core/node_modules' ]
284 verbose dependencyIsSatisfied reciprocator true
285 silly hasDependencyInstalled erector redux
286 silly dependencyIsSatisfied [ 'redux',
286 silly dependencyIsSatisfied   '3.6.0',
286 silly dependencyIsSatisfied   '/Users/morulus/Work/morulus/projects/erector/packages/erector-core/node_modules' ]
287 verbose dependencyIsSatisfied redux true
288 silly hasDependencyInstalled erector requireg
289 silly dependencyIsSatisfied [ 'requireg',
289 silly dependencyIsSatisfied   '0.1.6',
289 silly dependencyIsSatisfied   '/Users/morulus/Work/morulus/projects/erector/packages/erector-core/node_modules' ]
290 verbose dependencyIsSatisfied requireg true
291 silly hasDependencyInstalled erector-node-utils requireg
292 silly dependencyIsSatisfied [ 'requireg',
292 silly dependencyIsSatisfied   '^0.1.7',
292 silly dependencyIsSatisfied   '/Users/morulus/Work/morulus/projects/erector/packages/erector-node-utils/node_modules' ]
293 verbose dependencyIsSatisfied requireg true
294 silly hasDependencyInstalled erector stringify-object-extract-functions
295 silly dependencyIsSatisfied [ 'stringify-object-extract-functions',
295 silly dependencyIsSatisfied   '2.4.1',
295 silly dependencyIsSatisfied   '/Users/morulus/Work/morulus/projects/erector/packages/erector-core/node_modules' ]
296 verbose dependencyIsSatisfied stringify-object-extract-functions true
297 silly hasDependencyInstalled erector through2
298 silly dependencyIsSatisfied [ 'through2',
298 silly dependencyIsSatisfied   '2.0.3',
298 silly dependencyIsSatisfied   '/Users/morulus/Work/morulus/projects/erector/packages/erector-core/node_modules' ]
299 verbose dependencyIsSatisfied through2 true
300 silly hasDependencyInstalled erector uuid4
301 silly dependencyIsSatisfied [ 'uuid4',
301 silly dependencyIsSatisfied   '1.0.0',
301 silly dependencyIsSatisfied   '/Users/morulus/Work/morulus/projects/erector/packages/erector-core/node_modules' ]
302 verbose dependencyIsSatisfied uuid4 true
303 silly hasDependencyInstalled erector-pretransform uuid4
304 silly dependencyIsSatisfied [ 'uuid4',
304 silly dependencyIsSatisfied   '^1.0.0',
304 silly dependencyIsSatisfied   '/Users/morulus/Work/morulus/projects/erector/packages/erector-pretransform/node_modules' ]
305 verbose dependencyIsSatisfied uuid4 true
306 silly hasDependencyInstalled erector vinyl-fs
307 silly dependencyIsSatisfied [ 'vinyl-fs',
307 silly dependencyIsSatisfied   '2.4.4',
307 silly dependencyIsSatisfied   '/Users/morulus/Work/morulus/projects/erector/packages/erector-core/node_modules' ]
308 verbose dependencyIsSatisfied vinyl-fs true
309 silly hasDependencyInstalled erector-pretransform babel
310 silly dependencyIsSatisfied [ 'babel',
310 silly dependencyIsSatisfied   '^6.23.0',
310 silly dependencyIsSatisfied   '/Users/morulus/Work/morulus/projects/erector/packages/erector-pretransform/node_modules' ]
311 verbose dependencyIsSatisfied babel true
312 silly hasDependencyInstalled erector-pretransform babel-core
313 silly dependencyIsSatisfied [ 'babel-core',
313 silly dependencyIsSatisfied   '^6.25.0',
313 silly dependencyIsSatisfied   '/Users/morulus/Work/morulus/projects/erector/packages/erector-pretransform/node_modules' ]
314 verbose dependencyIsSatisfied babel-core true
315 silly root dependencies []
316 silly leaf dependencies {
316 silly leaf dependencies   "erector-base-scripts": [
316 silly leaf dependencies     {
316 silly leaf dependencies       "dependency": "erector-node-utils@file:///Users/morulus/Work/morulus/projects/erector-node-utils",
316 silly leaf dependencies       "isSatisfied": false
316 silly leaf dependencies     }
316 silly leaf dependencies   ],
316 silly leaf dependencies   "erector-cli": [
316 silly leaf dependencies     {
316 silly leaf dependencies       "dependency": "chalk@^1.1.3",
316 silly leaf dependencies       "isSatisfied": true
316 silly leaf dependencies     },
316 silly leaf dependencies     {
316 silly leaf dependencies       "dependency": "cli-color@^1.2.0",
316 silly leaf dependencies       "isSatisfied": true
316 silly leaf dependencies     },
316 silly leaf dependencies     {
316 silly leaf dependencies       "dependency": "find-parent-dir@^0.3.0",
316 silly leaf dependencies       "isSatisfied": true
316 silly leaf dependencies     },
316 silly leaf dependencies     {
316 silly leaf dependencies       "dependency": "inquirer@^3.2.1",
316 silly leaf dependencies       "isSatisfied": true
316 silly leaf dependencies     },
316 silly leaf dependencies     {
316 silly leaf dependencies       "dependency": "minimist@^1.1.3",
316 silly leaf dependencies       "isSatisfied": true
316 silly leaf dependencies     }
316 silly leaf dependencies   ],
316 silly leaf dependencies   "erector-node-utils": [
316 silly leaf dependencies     {
316 silly leaf dependencies       "dependency": "find-parent-dir@^0.3.0",
316 silly leaf dependencies       "isSatisfied": true
316 silly leaf dependencies     },
316 silly leaf dependencies     {
316 silly leaf dependencies       "dependency": "requireg@^0.1.7",
316 silly leaf dependencies       "isSatisfied": true
316 silly leaf dependencies     }
316 silly leaf dependencies   ],
316 silly leaf dependencies   "erector": [
316 silly leaf dependencies     {
316 silly leaf dependencies       "dependency": "inquirer@1.2.3",
316 silly leaf dependencies       "isSatisfied": true
316 silly leaf dependencies     },
316 silly leaf dependencies     {
316 silly leaf dependencies       "dependency": "babel-plugin-add-module-exports@0.2.1",
316 silly leaf dependencies       "isSatisfied": true
316 silly leaf dependencies     },
316 silly leaf dependencies     {
316 silly leaf dependencies       "dependency": "babel-plugin-check-es2015-constants@6.22.0",
316 silly leaf dependencies       "isSatisfied": true
316 silly leaf dependencies     },
316 silly leaf dependencies     {
316 silly leaf dependencies       "dependency": "babel-plugin-module-resolver@3.0.0-beta.4",
316 silly leaf dependencies       "isSatisfied": true
316 silly leaf dependencies     },
316 silly leaf dependencies     {
316 silly leaf dependencies       "dependency": "babel-plugin-syntax-dynamic-import@6.18.0",
316 silly leaf dependencies       "isSatisfied": true
316 silly leaf dependencies     },
316 silly leaf dependencies     {
316 silly leaf dependencies       "dependency": "babel-plugin-syntax-trailing-function-commas@6.22.0",
316 silly leaf dependencies       "isSatisfied": true
316 silly leaf dependencies     },
316 silly leaf dependencies     {
316 silly leaf dependencies       "dependency": "babel-plugin-transform-class-properties@6.24.1",
316 silly leaf dependencies       "isSatisfied": true
316 silly leaf dependencies     },
316 silly leaf dependencies     {
316 silly leaf dependencies       "dependency": "babel-plugin-transform-es2015-arrow-functions@6.22.0",
316 silly leaf dependencies       "isSatisfied": true
316 silly leaf dependencies     },
316 silly leaf dependencies     {
316 silly leaf dependencies       "dependency": "babel-plugin-transform-es2015-block-scoped-functions@6.22.0",
316 silly leaf dependencies       "isSatisfied": true
316 silly leaf dependencies     },
316 silly leaf dependencies     {
316 silly leaf dependencies       "dependency": "babel-plugin-transform-es2015-block-scoping@6.24.1",
316 silly leaf dependencies       "isSatisfied": true
316 silly leaf dependencies     },
316 silly leaf dependencies     {
316 silly leaf dependencies       "dependency": "babel-plugin-transform-es2015-classes@6.24.1",
316 silly leaf dependencies       "isSatisfied": true
316 silly leaf dependencies     },
316 silly leaf dependencies     {
316 silly leaf dependencies       "dependency": "babel-plugin-transform-es2015-computed-properties@6.24.1",
316 silly leaf dependencies       "isSatisfied": true
316 silly leaf dependencies     },
316 silly leaf dependencies     {
316 silly leaf dependencies       "dependency": "babel-plugin-transform-es2015-destructuring@6.23.0",
316 silly leaf dependencies       "isSatisfied": true
316 silly leaf dependencies     },
316 silly leaf dependencies     {
316 silly leaf dependencies       "dependency": "babel-plugin-transform-es2015-function-name@6.24.1",
316 silly leaf dependencies       "isSatisfied": true
316 silly leaf dependencies     },
316 silly leaf dependencies     {
316 silly leaf dependencies       "dependency": "babel-plugin-transform-es2015-modules-commonjs@6.24.1",
316 silly leaf dependencies       "isSatisfied": true
316 silly leaf dependencies     },
316 silly leaf dependencies     {
316 silly leaf dependencies       "dependency": "babel-plugin-transform-es2015-object-super@6.24.1",
316 silly leaf dependencies       "isSatisfied": true
316 silly leaf dependencies     },
316 silly leaf dependencies     {
316 silly leaf dependencies       "dependency": "babel-plugin-transform-es2015-parameters@6.24.1",
316 silly leaf dependencies       "isSatisfied": true
316 silly leaf dependencies     },
316 silly leaf dependencies     {
316 silly leaf dependencies       "dependency": "babel-plugin-transform-es2015-shorthand-properties@6.24.1",
316 silly leaf dependencies       "isSatisfied": true
316 silly leaf dependencies     },
316 silly leaf dependencies     {
316 silly leaf dependencies       "dependency": "babel-plugin-transform-es2015-spread@6.22.0",
316 silly leaf dependencies       "isSatisfied": true
316 silly leaf dependencies     },
316 silly leaf dependencies     {
316 silly leaf dependencies       "dependency": "babel-plugin-transform-es2015-template-literals@6.22.0",
316 silly leaf dependencies       "isSatisfied": true
316 silly leaf dependencies     },
316 silly leaf dependencies     {
316 silly leaf dependencies       "dependency": "babel-plugin-transform-export-extensions@6.22.0",
316 silly leaf dependencies       "isSatisfied": true
316 silly leaf dependencies     },
316 silly leaf dependencies     {
316 silly leaf dependencies       "dependency": "babel-plugin-transform-function-bind@6.22.0",
316 silly leaf dependencies       "isSatisfied": true
316 silly leaf dependencies     },
316 silly leaf dependencies     {
316 silly leaf dependencies       "dependency": "babel-plugin-transform-object-assign@6.8.0",
316 silly leaf dependencies       "isSatisfied": true
316 silly leaf dependencies     },
316 silly leaf dependencies     {
316 silly leaf dependencies       "dependency": "babel-plugin-transform-object-rest-spread@6.23.0",
316 silly leaf dependencies       "isSatisfied": true
316 silly leaf dependencies     },
316 silly leaf dependencies     {
316 silly leaf dependencies       "dependency": "babel-plugin-transform-regenerator@^6.24.1",
316 silly leaf dependencies       "isSatisfied": true
316 silly leaf dependencies     },
316 silly leaf dependencies     {
316 silly leaf dependencies       "dependency": "babel-plugin-transform-runtime@6.23.0",
316 silly leaf dependencies       "isSatisfied": true
316 silly leaf dependencies     },
316 silly leaf dependencies     {
316 silly leaf dependencies       "dependency": "babel-runtime@6.23.0",
316 silly leaf dependencies       "isSatisfied": true
316 silly leaf dependencies     },
316 silly leaf dependencies     {
316 silly leaf dependencies       "dependency": "github-markdown-render@2.1.0",
316 silly leaf dependencies       "isSatisfied": true
316 silly leaf dependencies     },
316 silly leaf dependencies     {
316 silly leaf dependencies       "dependency": "ansi-styles@2.2.1",
316 silly leaf dependencies       "isSatisfied": true
316 silly leaf dependencies     },
316 silly leaf dependencies     {
316 silly leaf dependencies       "dependency": "babel-eslint@7.2.3",
316 silly leaf dependencies       "isSatisfied": true
316 silly leaf dependencies     },
316 silly leaf dependencies     {
316 silly leaf dependencies       "dependency": "babel-plugin-replace-identifiers@^0.1.1",
316 silly leaf dependencies       "isSatisfied": true
316 silly leaf dependencies     },
316 silly leaf dependencies     {
316 silly leaf dependencies       "dependency": "babel-plugin-syntax-jsx@6.18.0",
316 silly leaf dependencies       "isSatisfied": true
316 silly leaf dependencies     },
316 silly leaf dependencies     {
316 silly leaf dependencies       "dependency": "babel-plugin-transform-string-literal-replace@^1.0.2",
316 silly leaf dependencies       "isSatisfied": true
316 silly leaf dependencies     },
316 silly leaf dependencies     {
316 silly leaf dependencies       "dependency": "babel-register@6.18.0",
316 silly leaf dependencies       "isSatisfied": true
316 silly leaf dependencies     },
316 silly leaf dependencies     {
316 silly leaf dependencies       "dependency": "chokidar@1.6.1",
316 silly leaf dependencies       "isSatisfied": true
316 silly leaf dependencies     },
316 silly leaf dependencies     {
316 silly leaf dependencies       "dependency": "cross-spawn@5.0.1",
316 silly leaf dependencies       "isSatisfied": true
316 silly leaf dependencies     },
316 silly leaf dependencies     {
316 silly leaf dependencies       "dependency": "ejs@^2.5.7",
316 silly leaf dependencies       "isSatisfied": true
316 silly leaf dependencies     },
316 silly leaf dependencies     {
316 silly leaf dependencies       "dependency": "erector-core-transform-config@file:///Users/morulus/Work/morulus/projects/erector-core-transform-config",
316 silly leaf dependencies       "isSatisfied": false
316 silly leaf dependencies     },
316 silly leaf dependencies     {
316 silly leaf dependencies       "dependency": "eslint@^4.4.1",
316 silly leaf dependencies       "isSatisfied": true
316 silly leaf dependencies     },
316 silly leaf dependencies     {
316 silly leaf dependencies       "dependency": "express@4.15.2",
316 silly leaf dependencies       "isSatisfied": true
316 silly leaf dependencies     },
316 silly leaf dependencies     {
316 silly leaf dependencies       "dependency": "gulp@3.9.1",
316 silly leaf dependencies       "isSatisfied": true
316 silly leaf dependencies     },
316 silly leaf dependencies     {
316 silly leaf dependencies       "dependency": "gulp-babel@6.1.2",
316 silly leaf dependencies       "isSatisfied": true
316 silly leaf dependencies     },
316 silly leaf dependencies     {
316 silly leaf dependencies       "dependency": "gulp-watch@4.3.11",
316 silly leaf dependencies       "isSatisfied": true
316 silly leaf dependencies     },
316 silly leaf dependencies     {
316 silly leaf dependencies       "dependency": "lodash.isplainobject@4.0.6",
316 silly leaf dependencies       "isSatisfied": true
316 silly leaf dependencies     },
316 silly leaf dependencies     {
316 silly leaf dependencies       "dependency": "loophole@^1.1.0",
316 silly leaf dependencies       "isSatisfied": true
316 silly leaf dependencies     },
316 silly leaf dependencies     {
316 silly leaf dependencies       "dependency": "map-stream@0.0.7",
316 silly leaf dependencies       "isSatisfied": true
316 silly leaf dependencies     },
316 silly leaf dependencies     {
316 silly leaf dependencies       "dependency": "mkdirp@0.5.1",
316 silly leaf dependencies       "isSatisfied": true
316 silly leaf dependencies     },
316 silly leaf dependencies     {
316 silly leaf dependencies       "dependency": "ncp@2.0.0",
316 silly leaf dependencies       "isSatisfied": true
316 silly leaf dependencies     },
316 silly leaf dependencies     {
316 silly leaf dependencies       "dependency": "reciprocator@0.3.1-alfa.1",
316 silly leaf dependencies       "isSatisfied": true
316 silly leaf dependencies     },
316 silly leaf dependencies     {
316 silly leaf dependencies       "dependency": "redux@3.6.0",
316 silly leaf dependencies       "isSatisfied": true
316 silly leaf dependencies     },
316 silly leaf dependencies     {
316 silly leaf dependencies       "dependency": "requireg@0.1.6",
316 silly leaf dependencies       "isSatisfied": true
316 silly leaf dependencies     },
316 silly leaf dependencies     {
316 silly leaf dependencies       "dependency": "stringify-object-extract-functions@2.4.1",
316 silly leaf dependencies       "isSatisfied": true
316 silly leaf dependencies     },
316 silly leaf dependencies     {
316 silly leaf dependencies       "dependency": "through2@2.0.3",
316 silly leaf dependencies       "isSatisfied": true
316 silly leaf dependencies     },
316 silly leaf dependencies     {
316 silly leaf dependencies       "dependency": "uuid4@1.0.0",
316 silly leaf dependencies       "isSatisfied": true
316 silly leaf dependencies     },
316 silly leaf dependencies     {
316 silly leaf dependencies       "dependency": "vinyl-fs@2.4.4",
316 silly leaf dependencies       "isSatisfied": true
316 silly leaf dependencies     }
316 silly leaf dependencies   ],
316 silly leaf dependencies   "erector-core-transform-config": [
316 silly leaf dependencies     {
316 silly leaf dependencies       "dependency": "babel-plugin-add-module-exports@^0.2.1",
316 silly leaf dependencies       "isSatisfied": true
316 silly leaf dependencies     },
316 silly leaf dependencies     {
316 silly leaf dependencies       "dependency": "babel-plugin-check-es2015-constants@^6.22.0",
316 silly leaf dependencies       "isSatisfied": true
316 silly leaf dependencies     },
316 silly leaf dependencies     {
316 silly leaf dependencies       "dependency": "babel-plugin-module-resolver@^2.7.1",
316 silly leaf dependencies       "isSatisfied": true
316 silly leaf dependencies     },
316 silly leaf dependencies     {
316 silly leaf dependencies       "dependency": "babel-plugin-syntax-dynamic-import@^6.18.0",
316 silly leaf dependencies       "isSatisfied": true
316 silly leaf dependencies     },
316 silly leaf dependencies     {
316 silly leaf dependencies       "dependency": "babel-plugin-syntax-trailing-function-commas@^6.22.0",
316 silly leaf dependencies       "isSatisfied": true
316 silly leaf dependencies     },
316 silly leaf dependencies     {
316 silly leaf dependencies       "dependency": "babel-plugin-transform-class-properties@^6.24.1",
316 silly leaf dependencies       "isSatisfied": true
316 silly leaf dependencies     },
316 silly leaf dependencies     {
316 silly leaf dependencies       "dependency": "babel-plugin-transform-es2015-arrow-functions@^6.22.0",
316 silly leaf dependencies       "isSatisfied": true
316 silly leaf dependencies     },
316 silly leaf dependencies     {
316 silly leaf dependencies       "dependency": "babel-plugin-transform-es2015-block-scoped-functions@^6.22.0",
316 silly leaf dependencies       "isSatisfied": true
316 silly leaf dependencies     },
316 silly leaf dependencies     {
316 silly leaf dependencies       "dependency": "babel-plugin-transform-es2015-block-scoping@^6.24.1",
316 silly leaf dependencies       "isSatisfied": true
316 silly leaf dependencies     },
316 silly leaf dependencies     {
316 silly leaf dependencies       "dependency": "babel-plugin-transform-es2015-classes@^6.24.1",
316 silly leaf dependencies       "isSatisfied": true
316 silly leaf dependencies     },
316 silly leaf dependencies     {
316 silly leaf dependencies       "dependency": "babel-plugin-transform-es2015-computed-properties@^6.24.1",
316 silly leaf dependencies       "isSatisfied": true
316 silly leaf dependencies     },
316 silly leaf dependencies     {
316 silly leaf dependencies       "dependency": "babel-plugin-transform-es2015-destructuring@^6.23.0",
316 silly leaf dependencies       "isSatisfied": true
316 silly leaf dependencies     },
316 silly leaf dependencies     {
316 silly leaf dependencies       "dependency": "babel-plugin-transform-es2015-function-name@^6.24.1",
316 silly leaf dependencies       "isSatisfied": true
316 silly leaf dependencies     },
316 silly leaf dependencies     {
316 silly leaf dependencies       "dependency": "babel-plugin-transform-es2015-modules-commonjs@^6.24.1",
316 silly leaf dependencies       "isSatisfied": true
316 silly leaf dependencies     },
316 silly leaf dependencies     {
316 silly leaf dependencies       "dependency": "babel-plugin-transform-es2015-object-super@^6.24.1",
316 silly leaf dependencies       "isSatisfied": true
316 silly leaf dependencies     },
316 silly leaf dependencies     {
316 silly leaf dependencies       "dependency": "babel-plugin-transform-es2015-parameters@^6.24.1",
316 silly leaf dependencies       "isSatisfied": true
316 silly leaf dependencies     },
316 silly leaf dependencies     {
316 silly leaf dependencies       "dependency": "babel-plugin-transform-es2015-shorthand-properties@^6.24.1",
316 silly leaf dependencies       "isSatisfied": true
316 silly leaf dependencies     },
316 silly leaf dependencies     {
316 silly leaf dependencies       "dependency": "babel-plugin-transform-es2015-spread@^6.22.0",
316 silly leaf dependencies       "isSatisfied": true
316 silly leaf dependencies     },
316 silly leaf dependencies     {
316 silly leaf dependencies       "dependency": "babel-plugin-transform-es2015-template-literals@^6.22.0",
316 silly leaf dependencies       "isSatisfied": true
316 silly leaf dependencies     },
316 silly leaf dependencies     {
316 silly leaf dependencies       "dependency": "babel-plugin-transform-export-extensions@^6.22.0",
316 silly leaf dependencies       "isSatisfied": true
316 silly leaf dependencies     },
316 silly leaf dependencies     {
316 silly leaf dependencies       "dependency": "babel-plugin-transform-function-bind@^6.22.0",
316 silly leaf dependencies       "isSatisfied": true
316 silly leaf dependencies     },
316 silly leaf dependencies     {
316 silly leaf dependencies       "dependency": "babel-plugin-transform-object-assign@^6.22.0",
316 silly leaf dependencies       "isSatisfied": true
316 silly leaf dependencies     },
316 silly leaf dependencies     {
316 silly leaf dependencies       "dependency": "babel-plugin-transform-object-rest-spread@^6.23.0",
316 silly leaf dependencies       "isSatisfied": true
316 silly leaf dependencies     },
316 silly leaf dependencies     {
316 silly leaf dependencies       "dependency": "babel-plugin-transform-regenerator@^6.24.1",
316 silly leaf dependencies       "isSatisfied": true
316 silly leaf dependencies     },
316 silly leaf dependencies     {
316 silly leaf dependencies       "dependency": "babel-plugin-transform-runtime@^6.23.0",
316 silly leaf dependencies       "isSatisfied": true
316 silly leaf dependencies     },
316 silly leaf dependencies     {
316 silly leaf dependencies       "dependency": "babel-runtime@^6.25.0",
316 silly leaf dependencies       "isSatisfied": true
316 silly leaf dependencies     },
316 silly leaf dependencies     {
316 silly leaf dependencies       "dependency": "regenerator-runtime@^0.11.0",
316 silly leaf dependencies       "isSatisfied": true
316 silly leaf dependencies     }
316 silly leaf dependencies   ],
316 silly leaf dependencies   "erector-pretransform": [
316 silly leaf dependencies     {
316 silly leaf dependencies       "dependency": "erector-core-transform-config@file:///Users/morulus/Work/morulus/projects/erector-core-transform-config",
316 silly leaf dependencies       "isSatisfied": false
316 silly leaf dependencies     },
316 silly leaf dependencies     {
316 silly leaf dependencies       "dependency": "gulp@^3.9.1",
316 silly leaf dependencies       "isSatisfied": true
316 silly leaf dependencies     },
316 silly leaf dependencies     {
316 silly leaf dependencies       "dependency": "gulp-babel@^7.0.0",
316 silly leaf dependencies       "isSatisfied": true
316 silly leaf dependencies     },
316 silly leaf dependencies     {
316 silly leaf dependencies       "dependency": "gulp-watch@^4.3.11",
316 silly leaf dependencies       "isSatisfied": true
316 silly leaf dependencies     },
316 silly leaf dependencies     {
316 silly leaf dependencies       "dependency": "uuid4@^1.0.0",
316 silly leaf dependencies       "isSatisfied": true
316 silly leaf dependencies     },
316 silly leaf dependencies     {
316 silly leaf dependencies       "dependency": "babel@^6.23.0",
316 silly leaf dependencies       "isSatisfied": true
316 silly leaf dependencies     },
316 silly leaf dependencies     {
316 silly leaf dependencies       "dependency": "babel-core@^6.25.0",
316 silly leaf dependencies       "isSatisfied": true
316 silly leaf dependencies     }
316 silly leaf dependencies   ]
316 silly leaf dependencies }
317 info Installing external dependencies
318 verbose actions 3 actions, concurrency 4
319 silly installInDir erector-base-scripts [ 'erector-node-utils@file:///Users/morulus/Work/morulus/projects/erector-node-utils' ]
320 silly installInDir backup /Users/morulus/Work/morulus/projects/erector/packages/erector-base-scripts/package.json
321 silly rename [ '/Users/morulus/Work/morulus/projects/erector/packages/erector-base-scripts/package.json',
321 silly rename   '/Users/morulus/Work/morulus/projects/erector/packages/erector-base-scripts/package.json.lerna_backup' ]
322 silly installInDir erector-core [ 'inquirer@1.2.3',
322 silly installInDir   'babel-plugin-add-module-exports@0.2.1',
322 silly installInDir   'babel-plugin-check-es2015-constants@6.22.0',
322 silly installInDir   'babel-plugin-module-resolver@3.0.0-beta.4',
322 silly installInDir   'babel-plugin-syntax-dynamic-import@6.18.0',
322 silly installInDir   'babel-plugin-syntax-trailing-function-commas@6.22.0',
322 silly installInDir   'babel-plugin-transform-class-properties@6.24.1',
322 silly installInDir   'babel-plugin-transform-es2015-arrow-functions@6.22.0',
322 silly installInDir   'babel-plugin-transform-es2015-block-scoped-functions@6.22.0',
322 silly installInDir   'babel-plugin-transform-es2015-block-scoping@6.24.1',
322 silly installInDir   'babel-plugin-transform-es2015-classes@6.24.1',
322 silly installInDir   'babel-plugin-transform-es2015-computed-properties@6.24.1',
322 silly installInDir   'babel-plugin-transform-es2015-destructuring@6.23.0',
322 silly installInDir   'babel-plugin-transform-es2015-function-name@6.24.1',
322 silly installInDir   'babel-plugin-transform-es2015-modules-commonjs@6.24.1',
322 silly installInDir   'babel-plugin-transform-es2015-object-super@6.24.1',
322 silly installInDir   'babel-plugin-transform-es2015-parameters@6.24.1',
322 silly installInDir   'babel-plugin-transform-es2015-shorthand-properties@6.24.1',
322 silly installInDir   'babel-plugin-transform-es2015-spread@6.22.0',
322 silly installInDir   'babel-plugin-transform-es2015-template-literals@6.22.0',
322 silly installInDir   'babel-plugin-transform-export-extensions@6.22.0',
322 silly installInDir   'babel-plugin-transform-function-bind@6.22.0',
322 silly installInDir   'babel-plugin-transform-object-assign@6.8.0',
322 silly installInDir   'babel-plugin-transform-object-rest-spread@6.23.0',
322 silly installInDir   'babel-plugin-transform-regenerator@^6.24.1',
322 silly installInDir   'babel-plugin-transform-runtime@6.23.0',
322 silly installInDir   'babel-runtime@6.23.0',
322 silly installInDir   'github-markdown-render@2.1.0',
322 silly installInDir   'ansi-styles@2.2.1',
322 silly installInDir   'babel-eslint@7.2.3',
322 silly installInDir   'babel-plugin-replace-identifiers@^0.1.1',
322 silly installInDir   'babel-plugin-syntax-jsx@6.18.0',
322 silly installInDir   'babel-plugin-transform-string-literal-replace@^1.0.2',
322 silly installInDir   'babel-register@6.18.0',
322 silly installInDir   'chokidar@1.6.1',
322 silly installInDir   'cross-spawn@5.0.1',
322 silly installInDir   'ejs@^2.5.7',
322 silly installInDir   'erector-core-transform-config@file:///Users/morulus/Work/morulus/projects/erector-core-transform-config',
322 silly installInDir   'eslint@^4.4.1',
322 silly installInDir   'express@4.15.2',
322 silly installInDir   'gulp@3.9.1',
322 silly installInDir   'gulp-babel@6.1.2',
322 silly installInDir   'gulp-watch@4.3.11',
322 silly installInDir   'lodash.isplainobject@4.0.6',
322 silly installInDir   'loophole@^1.1.0',
322 silly installInDir   'map-stream@0.0.7',
322 silly installInDir   'mkdirp@0.5.1',
322 silly installInDir   'ncp@2.0.0',
322 silly installInDir   'reciprocator@0.3.1-alfa.1',
322 silly installInDir   'redux@3.6.0',
322 silly installInDir   'requireg@0.1.6',
322 silly installInDir   'stringify-object-extract-functions@2.4.1',
322 silly installInDir   'through2@2.0.3',
322 silly installInDir   'uuid4@1.0.0',
322 silly installInDir   'vinyl-fs@2.4.4' ]
323 silly installInDir backup /Users/morulus/Work/morulus/projects/erector/packages/erector-core/package.json
324 silly rename [ '/Users/morulus/Work/morulus/projects/erector/packages/erector-core/package.json',
324 silly rename   '/Users/morulus/Work/morulus/projects/erector/packages/erector-core/package.json.lerna_backup' ]
325 silly installInDir erector-pretransform [ 'erector-core-transform-config@file:///Users/morulus/Work/morulus/projects/erector-core-transform-config',
325 silly installInDir   'gulp@^3.9.1',
325 silly installInDir   'gulp-babel@^7.0.0',
325 silly installInDir   'gulp-watch@^4.3.11',
325 silly installInDir   'uuid4@^1.0.0',
325 silly installInDir   'babel@^6.23.0',
325 silly installInDir   'babel-core@^6.25.0' ]
326 silly installInDir backup /Users/morulus/Work/morulus/projects/erector/packages/erector-pretransform/package.json
327 silly rename [ '/Users/morulus/Work/morulus/projects/erector/packages/erector-pretransform/package.json',
327 silly rename   '/Users/morulus/Work/morulus/projects/erector/packages/erector-pretransform/package.json.lerna_backup' ]
328 silly installInDir writing tempJson { dependencies: { 'erector-node-utils': 'file:///Users/morulus/Work/morulus/projects/erector-node-utils' } }
329 silly installInDir writing tempJson { dependencies:
329 silly installInDir    { inquirer: '1.2.3',
329 silly installInDir      'babel-plugin-add-module-exports': '0.2.1',
329 silly installInDir      'babel-plugin-check-es2015-constants': '6.22.0',
329 silly installInDir      'babel-plugin-module-resolver': '3.0.0-beta.4',
329 silly installInDir      'babel-plugin-syntax-dynamic-import': '6.18.0',
329 silly installInDir      'babel-plugin-syntax-trailing-function-commas': '6.22.0',
329 silly installInDir      'babel-plugin-transform-class-properties': '6.24.1',
329 silly installInDir      'babel-plugin-transform-es2015-arrow-functions': '6.22.0',
329 silly installInDir      'babel-plugin-transform-es2015-block-scoped-functions': '6.22.0',
329 silly installInDir      'babel-plugin-transform-es2015-block-scoping': '6.24.1',
329 silly installInDir      'babel-plugin-transform-es2015-classes': '6.24.1',
329 silly installInDir      'babel-plugin-transform-es2015-computed-properties': '6.24.1',
329 silly installInDir      'babel-plugin-transform-es2015-destructuring': '6.23.0',
329 silly installInDir      'babel-plugin-transform-es2015-function-name': '6.24.1',
329 silly installInDir      'babel-plugin-transform-es2015-modules-commonjs': '6.24.1',
329 silly installInDir      'babel-plugin-transform-es2015-object-super': '6.24.1',
329 silly installInDir      'babel-plugin-transform-es2015-parameters': '6.24.1',
329 silly installInDir      'babel-plugin-transform-es2015-shorthand-properties': '6.24.1',
329 silly installInDir      'babel-plugin-transform-es2015-spread': '6.22.0',
329 silly installInDir      'babel-plugin-transform-es2015-template-literals': '6.22.0',
329 silly installInDir      'babel-plugin-transform-export-extensions': '6.22.0',
329 silly installInDir      'babel-plugin-transform-function-bind': '6.22.0',
329 silly installInDir      'babel-plugin-transform-object-assign': '6.8.0',
329 silly installInDir      'babel-plugin-transform-object-rest-spread': '6.23.0',
329 silly installInDir      'babel-plugin-transform-regenerator': '^6.24.1',
329 silly installInDir      'babel-plugin-transform-runtime': '6.23.0',
329 silly installInDir      'babel-runtime': '6.23.0',
329 silly installInDir      'github-markdown-render': '2.1.0',
329 silly installInDir      'ansi-styles': '2.2.1',
329 silly installInDir      'babel-eslint': '7.2.3',
329 silly installInDir      'babel-plugin-replace-identifiers': '^0.1.1',
329 silly installInDir      'babel-plugin-syntax-jsx': '6.18.0',
329 silly installInDir      'babel-plugin-transform-string-literal-replace': '^1.0.2',
329 silly installInDir      'babel-register': '6.18.0',
329 silly installInDir      chokidar: '1.6.1',
329 silly installInDir      'cross-spawn': '5.0.1',
329 silly installInDir      ejs: '^2.5.7',
329 silly installInDir      'erector-core-transform-config': 'file:///Users/morulus/Work/morulus/projects/erector-core-transform-config',
329 silly installInDir      eslint: '^4.4.1',
329 silly installInDir      express: '4.15.2',
329 silly installInDir      gulp: '3.9.1',
329 silly installInDir      'gulp-babel': '6.1.2',
329 silly installInDir      'gulp-watch': '4.3.11',
329 silly installInDir      'lodash.isplainobject': '4.0.6',
329 silly installInDir      loophole: '^1.1.0',
329 silly installInDir      'map-stream': '0.0.7',
329 silly installInDir      mkdirp: '0.5.1',
329 silly installInDir      ncp: '2.0.0',
329 silly installInDir      reciprocator: '0.3.1-alfa.1',
329 silly installInDir      redux: '3.6.0',
329 silly installInDir      requireg: '0.1.6',
329 silly installInDir      'stringify-object-extract-functions': '2.4.1',
329 silly installInDir      through2: '2.0.3',
329 silly installInDir      uuid4: '1.0.0',
329 silly installInDir      'vinyl-fs': '2.4.4' } }
330 silly installInDir writing tempJson { dependencies:
330 silly installInDir    { 'erector-core-transform-config': 'file:///Users/morulus/Work/morulus/projects/erector-core-transform-config',
330 silly installInDir      gulp: '^3.9.1',
330 silly installInDir      'gulp-babel': '^7.0.0',
330 silly installInDir      'gulp-watch': '^4.3.11',
330 silly installInDir      uuid4: '^1.0.0',
330 silly installInDir      babel: '^6.23.0',
330 silly installInDir      'babel-core': '^6.25.0' } }
331 silly getExecOpts { cwd: '/Users/morulus/Work/morulus/projects/erector/packages/erector-base-scripts' }
332 silly installInDir [ 'npm', [ 'install' ] ]
333 silly getExecOpts { cwd: '/Users/morulus/Work/morulus/projects/erector/packages/erector-pretransform' }
334 silly installInDir [ 'npm', [ 'install' ] ]
335 silly getExecOpts { cwd: '/Users/morulus/Work/morulus/projects/erector/packages/erector-core' }
336 silly installInDir [ 'npm', [ 'install' ] ]
337 silly installInDir cleanup /Users/morulus/Work/morulus/projects/erector/packages/erector-base-scripts/package.json
338 silly renameSync [ '/Users/morulus/Work/morulus/projects/erector/packages/erector-base-scripts/package.json.lerna_backup',
338 silly renameSync   '/Users/morulus/Work/morulus/projects/erector/packages/erector-base-scripts/package.json' ]
339 verbose installed leaf erector-base-scripts
340 silly installInDir cleanup /Users/morulus/Work/morulus/projects/erector/packages/erector-pretransform/package.json
341 silly renameSync [ '/Users/morulus/Work/morulus/projects/erector/packages/erector-pretransform/package.json.lerna_backup',
341 silly renameSync   '/Users/morulus/Work/morulus/projects/erector/packages/erector-pretransform/package.json' ]
342 verbose installed leaf erector-pretransform
343 silly installInDir cleanup /Users/morulus/Work/morulus/projects/erector/packages/erector-core/package.json
344 silly renameSync [ '/Users/morulus/Work/morulus/projects/erector/packages/erector-core/package.json.lerna_backup',
344 silly renameSync   '/Users/morulus/Work/morulus/projects/erector/packages/erector-core/package.json' ]
345 verbose installed leaf erector
346 info Symlinking packages and binaries
347 silly hasMatchingDependency erector-base-scripts erector-node-utils
348 silly hasMatchingDependency erector-cli erector
349 silly hasMatchingDependency erector-cli erector-node-utils
350 silly existsSync /Users/morulus/Work/morulus/projects/erector/packages/erector-core/package.json
351 silly existsSync /Users/morulus/Work/morulus/projects/erector/packages/erector-cli/node_modules/erector
352 silly isSymlink /Users/morulus/Work/morulus/projects/erector/packages/erector-cli/node_modules/erector
353 verbose isSymlink [ '/Users/morulus/Work/morulus/projects/erector/packages/erector-cli/node_modules/erector',
353 verbose isSymlink   false ]
354 warn EREPLACE_EXIST erector is already installed for erector-cli. Replacing with symlink...
355 silly existsSync /Users/morulus/Work/morulus/projects/erector/packages/erector-node-utils/package.json
356 silly existsSync /Users/morulus/Work/morulus/projects/erector/packages/erector-cli/node_modules/erector-node-utils
357 silly isSymlink /Users/morulus/Work/morulus/projects/erector/packages/erector-cli/node_modules/erector-node-utils
358 verbose isSymlink [ '/Users/morulus/Work/morulus/projects/erector/packages/erector-cli/node_modules/erector-node-utils',
358 verbose isSymlink   false ]
359 warn EREPLACE_EXIST erector-node-utils is already installed for erector-cli. Replacing with symlink...
360 silly hasMatchingDependency erector erector-core-transform-config
361 silly hasMatchingDependency erector-pretransform erector-core-transform-config
362 silly packageActions finished erector-base-scripts
363 silly rimraf /Users/morulus/Work/morulus/projects/erector/packages/erector-cli/node_modules/erector
364 verbose rimraf removed /Users/morulus/Work/morulus/projects/erector/packages/erector-cli/node_modules/erector
365 silly mkdirp /Users/morulus/Work/morulus/projects/erector/packages/erector-cli/node_modules
366 silly symlink [ '/Users/morulus/Work/morulus/projects/erector/packages/erector-core',
366 silly symlink   '/Users/morulus/Work/morulus/projects/erector/packages/erector-cli/node_modules/erector',
366 silly symlink   'junction' ]
367 silly createSymbolicLink [ '../../erector-core',
367 silly createSymbolicLink   '/Users/morulus/Work/morulus/projects/erector/packages/erector-cli/node_modules/erector',
367 silly createSymbolicLink   'junction' ]
368 silly rimraf /Users/morulus/Work/morulus/projects/erector/packages/erector-cli/node_modules/erector-node-utils
369 verbose rimraf removed /Users/morulus/Work/morulus/projects/erector/packages/erector-cli/node_modules/erector-node-utils
370 silly mkdirp /Users/morulus/Work/morulus/projects/erector/packages/erector-cli/node_modules
371 silly symlink [ '/Users/morulus/Work/morulus/projects/erector/packages/erector-node-utils',
371 silly symlink   '/Users/morulus/Work/morulus/projects/erector/packages/erector-cli/node_modules/erector-node-utils',
371 silly symlink   'junction' ]
372 silly createSymbolicLink [ '../../erector-node-utils',
372 silly createSymbolicLink   '/Users/morulus/Work/morulus/projects/erector/packages/erector-cli/node_modules/erector-node-utils',
372 silly createSymbolicLink   'junction' ]
373 silly packageActions finished erector-cli
374 silly packageActions finished erector-core-transform-config
375 silly packageActions finished erector
376 silly packageActions finished erector-node-utils
377 silly packageActions finished erector-pretransform
378 info lifecycle postinstall
379 silly runScript postinstall erector-base-scripts
380 silly erector-base-scripts
381 silly runScript postinstall erector-core-transform-config
382 silly erector-core-transform-config
383 silly runScript postinstall erector
384 silly erector
385 silly runScript postinstall erector-node-utils
386 silly erector-node-utils
387 silly runScript postinstall erector-pretransform
388 silly erector-pretransform
389 silly runScript postinstall erector-cli
390 silly erector-cli
391 info lifecycle prepublish
392 silly runScript prepublish erector-base-scripts
393 silly erector-base-scripts
394 silly runScript prepublish erector-core-transform-config
395 silly erector-core-transform-config
396 silly runScript prepublish erector
397 silly erector
398 silly runScript prepublish erector-node-utils
399 silly erector-node-utils
400 silly runScript prepublish erector-pretransform
401 silly runScriptInDir prepublish [] erector-pretransform
402 silly getExecOpts { cwd: '/Users/morulus/Work/morulus/projects/erector/packages/erector-pretransform' }
403 silly erector-pretransform
404 error execute Error: Command failed: npm run prepublish
404 error execute module.js:472
404 error execute     throw err;
404 error execute     ^
404 error execute
404 error execute Error: Cannot find module '../lib/completion'
404 error execute     at Function.Module._resolveFilename (module.js:470:15)
404 error execute     at Function.Module._load (module.js:418:25)
404 error execute     at Module.require (module.js:498:17)
404 error execute     at require (internal/module.js:20:19)
404 error execute     at Object.<anonymous> (/Users/morulus/Work/morulus/projects/erector/packages/erector-pretransform/node_modules/.bin/gulp:13:18)
404 error execute     at Module._compile (module.js:571:32)
404 error execute     at Object.Module._extensions..js (module.js:580:10)
404 error execute     at Module.load (module.js:488:32)
404 error execute     at tryModuleLoad (module.js:447:12)
404 error execute     at Function.Module._load (module.js:439:3)
404 error execute
404 error execute npm ERR! Darwin 16.7.0
404 error execute npm ERR! argv "/usr/local/bin/node" "/usr/local/bin/npm" "run" "build"
404 error execute npm ERR! node v7.7.3
404 error execute npm ERR! npm  v4.1.2
404 error execute npm ERR! code ELIFECYCLE
404 error execute npm ERR! erector-pretransform@0.1.0-beta build: `gulp`
404 error execute npm ERR! Exit status 1
404 error execute npm ERR!
404 error execute npm ERR! Failed at the erector-pretransform@0.1.0-beta build script 'gulp'.
404 error execute npm ERR! Make sure you have the latest version of node.js and npm installed.
404 error execute npm ERR! If you do, this is most likely a problem with the erector-pretransform package,
404 error execute npm ERR! not with npm itself.
404 error execute npm ERR! Tell the author that this fails on your system:
404 error execute npm ERR!     gulp
404 error execute npm ERR! You can get information on how to open an issue for this project with:
404 error execute npm ERR!     npm bugs erector-pretransform
404 error execute npm ERR! Or if that isn't available, you can get their info via:
404 error execute npm ERR!     npm owner ls erector-pretransform
404 error execute npm ERR! There is likely additional logging output above.
404 error execute
404 error execute npm ERR! Please include the following file with any support request:
404 error execute npm ERR!     /Users/morulus/Work/morulus/projects/erector/packages/erector-pretransform/npm-debug.log
404 error execute
404 error execute npm ERR! Darwin 16.7.0
404 error execute npm ERR! argv "/usr/local/bin/node" "/usr/local/bin/npm" "run" "prepublish"
404 error execute npm ERR! node v7.7.3
404 error execute npm ERR! npm  v4.1.2
404 error execute npm ERR! code ELIFECYCLE
404 error execute npm ERR! erector-pretransform@0.1.0-beta prepublish: `npm run build`
404 error execute npm ERR! Exit status 1
404 error execute npm ERR!
404 error execute npm ERR! Failed at the erector-pretransform@0.1.0-beta prepublish script 'npm run build'.
404 error execute npm ERR! Make sure you have the latest version of node.js and npm installed.
404 error execute npm ERR! If you do, this is most likely a problem with the erector-pretransform package,
404 error execute npm ERR! not with npm itself.
404 error execute npm ERR! Tell the author that this fails on your system:
404 error execute npm ERR!     npm run build
404 error execute npm ERR! You can get information on how to open an issue for this project with:
404 error execute npm ERR!     npm bugs erector-pretransform
404 error execute npm ERR! Or if that isn't available, you can get their info via:
404 error execute npm ERR!     npm owner ls erector-pretransform
404 error execute npm ERR! There is likely additional logging output above.
404 error execute
404 error execute npm ERR! Please include the following file with any support request:
404 error execute npm ERR!     /Users/morulus/Work/morulus/projects/erector/packages/erector-pretransform/npm-debug.log
404 error execute
404 error execute > erector-pretransform@0.1.0-beta prepublish /Users/morulus/Work/morulus/projects/erector/packages/erector-pretransform
404 error execute > npm run build
404 error execute
404 error execute
404 error execute > erector-pretransform@0.1.0-beta build /Users/morulus/Work/morulus/projects/erector/packages/erector-pretransform
404 error execute > gulp
404 error execute
404 error execute
404 error execute     at Promise.all.then.arr (/usr/local/lib/node_modules/lerna/node_modules/execa/index.js:236:11)
404 error execute     at process._tickCallback (internal/process/next_tick.js:109:7)
404 error execute  callback with error
404 error execute  { Error: Command failed: npm run prepublish
404 error execute module.js:472
404 error execute     throw err;
404 error execute     ^
404 error execute
404 error execute Error: Cannot find module '../lib/completion'
404 error execute     at Function.Module._resolveFilename (module.js:470:15)
404 error execute     at Function.Module._load (module.js:418:25)
404 error execute     at Module.require (module.js:498:17)
404 error execute     at require (internal/module.js:20:19)
404 error execute     at Object.<anonymous> (/Users/morulus/Work/morulus/projects/erector/packages/erector-pretransform/node_modules/.bin/gulp:13:18)
404 error execute     at Module._compile (module.js:571:32)
404 error execute     at Object.Module._extensions..js (module.js:580:10)
404 error execute     at Module.load (module.js:488:32)
404 error execute     at tryModuleLoad (module.js:447:12)
404 error execute     at Function.Module._load (module.js:439:3)
404 error execute
404 error execute npm ERR! Darwin 16.7.0
404 error execute npm ERR! argv "/usr/local/bin/node" "/usr/local/bin/npm" "run" "build"
404 error execute npm ERR! node v7.7.3
404 error execute npm ERR! npm  v4.1.2
404 error execute npm ERR! code ELIFECYCLE
404 error execute npm ERR! erector-pretransform@0.1.0-beta build: `gulp`
404 error execute npm ERR! Exit status 1
404 error execute npm ERR!
404 error execute npm ERR! Failed at the erector-pretransform@0.1.0-beta build script 'gulp'.
404 error execute npm ERR! Make sure you have the latest version of node.js and npm installed.
404 error execute npm ERR! If you do, this is most likely a problem with the erector-pretransform package,
404 error execute npm ERR! not with npm itself.
404 error execute npm ERR! Tell the author that this fails on your system:
404 error execute npm ERR!     gulp
404 error execute npm ERR! You can get information on how to open an issue for this project with:
404 error execute npm ERR!     npm bugs erector-pretransform
404 error execute npm ERR! Or if that isn't available, you can get their info via:
404 error execute npm ERR!     npm owner ls erector-pretransform
404 error execute npm ERR! There is likely additional logging output above.
404 error execute
404 error execute npm ERR! Please include the following file with any support request:
404 error execute npm ERR!     /Users/morulus/Work/morulus/projects/erector/packages/erector-pretransform/npm-debug.log
404 error execute
404 error execute npm ERR! Darwin 16.7.0
404 error execute npm ERR! argv "/usr/local/bin/node" "/usr/local/bin/npm" "run" "prepublish"
404 error execute npm ERR! node v7.7.3
404 error execute npm ERR! npm  v4.1.2
404 error execute npm ERR! code ELIFECYCLE
404 error execute npm ERR! erector-pretransform@0.1.0-beta prepublish: `npm run build`
404 error execute npm ERR! Exit status 1
404 error execute npm ERR!
404 error execute npm ERR! Failed at the erector-pretransform@0.1.0-beta prepublish script 'npm run build'.
404 error execute npm ERR! Make sure you have the latest version of node.js and npm installed.
404 error execute npm ERR! If you do, this is most likely a problem with the erector-pretransform package,
404 error execute npm ERR! not with npm itself.
404 error execute npm ERR! Tell the author that this fails on your system:
404 error execute npm ERR!     npm run build
404 error execute npm ERR! You can get information on how to open an issue for this project with:
404 error execute npm ERR!     npm bugs erector-pretransform
404 error execute npm ERR! Or if that isn't available, you can get their info via:
404 error execute npm ERR!     npm owner ls erector-pretransform
404 error execute npm ERR! There is likely additional logging output above.
404 error execute
404 error execute npm ERR! Please include the following file with any support request:
404 error execute npm ERR!     /Users/morulus/Work/morulus/projects/erector/packages/erector-pretransform/npm-debug.log
404 error execute
404 error execute > erector-pretransform@0.1.0-beta prepublish /Users/morulus/Work/morulus/projects/erector/packages/erector-pretransform
404 error execute > npm run build
404 error execute
404 error execute
404 error execute > erector-pretransform@0.1.0-beta build /Users/morulus/Work/morulus/projects/erector/packages/erector-pretransform
404 error execute > gulp
404 error execute
404 error execute
404 error execute     at Promise.all.then.arr (/usr/local/lib/node_modules/lerna/node_modules/execa/index.js:236:11)
404 error execute     at process._tickCallback (internal/process/next_tick.js:109:7)
404 error execute   stack: 'Error: Command failed: npm run prepublish\nmodule.js:472\n    throw err;\n    ^\n\nError: Cannot find module \'../lib/completion\'\n    at Function.Module._resolveFilename (module.js:470:15)\n    at Function.Module._load (module.js:418:25)\n    at Module.require (module.js:498:17)\n    at require (internal/module.js:20:19)\n    at Object.<anonymous> (/Users/morulus/Work/morulus/projects/erector/packages/erector-pretransform/node_modules/.bin/gulp:13:18)\n    at Module._compile (module.js:571:32)\n    at Object.Module._extensions..js (module.js:580:10)\n    at Module.load (module.js:488:32)\n    at tryModuleLoad (module.js:447:12)\n    at Function.Module._load (module.js:439:3)\n\nnpm ERR! Darwin 16.7.0\nnpm ERR! argv "/usr/local/bin/node" "/usr/local/bin/npm" "run" "build"\nnpm ERR! node v7.7.3\nnpm ERR! npm  v4.1.2\nnpm ERR! code ELIFECYCLE\nnpm ERR! erector-pretransform@0.1.0-beta build: `gulp`\nnpm ERR! Exit status 1\nnpm ERR! \nnpm ERR! Failed at the erector-pretransform@0.1.0-beta build script \'gulp\'.\nnpm ERR! Make sure you have the latest version of node.js and npm installed.\nnpm ERR! If you do, this is most likely a problem with the erector-pretransform package,\nnpm ERR! not with npm itself.\nnpm ERR! Tell the author that this fails on your system:\nnpm ERR!     gulp\nnpm ERR! You can get information on how to open an issue for this project with:\nnpm ERR!     npm bugs erector-pretransform\nnpm ERR! Or if that isn\'t available, you can get their info via:\nnpm ERR!     npm owner ls erector-pretransform\nnpm ERR! There is likely additional logging output above.\n\nnpm ERR! Please include the following file with any support request:\nnpm ERR!     /Users/morulus/Work/morulus/projects/erector/packages/erector-pretransform/npm-debug.log\n\nnpm ERR! Darwin 16.7.0\nnpm ERR! argv "/usr/local/bin/node" "/usr/local/bin/npm" "run" "prepublish"\nnpm ERR! node v7.7.3\nnpm ERR! npm  v4.1.2\nnpm ERR! code ELIFECYCLE\nnpm ERR! erector-pretransform@0.1.0-beta prepublish: `npm run build`\nnpm ERR! Exit status 1\nnpm ERR! \nnpm ERR! Failed at the erector-pretransform@0.1.0-beta prepublish script \'npm run build\'.\nnpm ERR! Make sure you have the latest version of node.js and npm installed.\nnpm ERR! If you do, this is most likely a problem with the erector-pretransform package,\nnpm ERR! not with npm itself.\nnpm ERR! Tell the author that this fails on your system:\nnpm ERR!     npm run build\nnpm ERR! You can get information on how to open an issue for this project with:\nnpm ERR!     npm bugs erector-pretransform\nnpm ERR! Or if that isn\'t available, you can get their info via:\nnpm ERR!     npm owner ls erector-pretransform\nnpm ERR! There is likely additional logging output above.\n\nnpm ERR! Please include the following file with any support request:\nnpm ERR!     /Users/morulus/Work/morulus/projects/erector/packages/erector-pretransform/npm-debug.log\n\n> erector-pretransform@0.1.0-beta prepublish /Users/morulus/Work/morulus/projects/erector/packages/erector-pretransform\n> npm run build\n\n\n> erector-pretransform@0.1.0-beta build /Users/morulus/Work/morulus/projects/erector/packages/erector-pretransform\n> gulp\n\n\n    at Promise.all.then.arr (/usr/local/lib/node_modules/lerna/node_modules/execa/index.js:236:11)\n    at process._tickCallback (internal/process/next_tick.js:109:7)',
404 error execute   code: 1,
404 error execute   killed: false,
404 error execute   stdout: '\n> erector-pretransform@0.1.0-beta prepublish /Users/morulus/Work/morulus/projects/erector/packages/erector-pretransform\n> npm run build\n\n\n> erector-pretransform@0.1.0-beta build /Users/morulus/Work/morulus/projects/erector/packages/erector-pretransform\n> gulp\n\n',
404 error execute   stderr: 'module.js:472\n    throw err;\n    ^\n\nError: Cannot find module \'../lib/completion\'\n    at Function.Module._resolveFilename (module.js:470:15)\n    at Function.Module._load (module.js:418:25)\n    at Module.require (module.js:498:17)\n    at require (internal/module.js:20:19)\n    at Object.<anonymous> (/Users/morulus/Work/morulus/projects/erector/packages/erector-pretransform/node_modules/.bin/gulp:13:18)\n    at Module._compile (module.js:571:32)\n    at Object.Module._extensions..js (module.js:580:10)\n    at Module.load (module.js:488:32)\n    at tryModuleLoad (module.js:447:12)\n    at Function.Module._load (module.js:439:3)\n\nnpm ERR! Darwin 16.7.0\nnpm ERR! argv "/usr/local/bin/node" "/usr/local/bin/npm" "run" "build"\nnpm ERR! node v7.7.3\nnpm ERR! npm  v4.1.2\nnpm ERR! code ELIFECYCLE\nnpm ERR! erector-pretransform@0.1.0-beta build: `gulp`\nnpm ERR! Exit status 1\nnpm ERR! \nnpm ERR! Failed at the erector-pretransform@0.1.0-beta build script \'gulp\'.\nnpm ERR! Make sure you have the latest version of node.js and npm installed.\nnpm ERR! If you do, this is most likely a problem with the erector-pretransform package,\nnpm ERR! not with npm itself.\nnpm ERR! Tell the author that this fails on your system:\nnpm ERR!     gulp\nnpm ERR! You can get information on how to open an issue for this project with:\nnpm ERR!     npm bugs erector-pretransform\nnpm ERR! Or if that isn\'t available, you can get their info via:\nnpm ERR!     npm owner ls erector-pretransform\nnpm ERR! There is likely additional logging output above.\n\nnpm ERR! Please include the following file with any support request:\nnpm ERR!     /Users/morulus/Work/morulus/projects/erector/packages/erector-pretransform/npm-debug.log\n\nnpm ERR! Darwin 16.7.0\nnpm ERR! argv "/usr/local/bin/node" "/usr/local/bin/npm" "run" "prepublish"\nnpm ERR! node v7.7.3\nnpm ERR! npm  v4.1.2\nnpm ERR! code ELIFECYCLE\nnpm ERR! erector-pretransform@0.1.0-beta prepublish: `npm run build`\nnpm ERR! Exit status 1\nnpm ERR! \nnpm ERR! Failed at the erector-pretransform@0.1.0-beta prepublish script \'npm run build\'.\nnpm ERR! Make sure you have the latest version of node.js and npm installed.\nnpm ERR! If you do, this is most likely a problem with the erector-pretransform package,\nnpm ERR! not with npm itself.\nnpm ERR! Tell the author that this fails on your system:\nnpm ERR!     npm run build\nnpm ERR! You can get information on how to open an issue for this project with:\nnpm ERR!     npm bugs erector-pretransform\nnpm ERR! Or if that isn\'t available, you can get their info via:\nnpm ERR!     npm owner ls erector-pretransform\nnpm ERR! There is likely additional logging output above.\n\nnpm ERR! Please include the following file with any support request:\nnpm ERR!     /Users/morulus/Work/morulus/projects/erector/packages/erector-pretransform/npm-debug.log\n',
404 error execute   failed: true,
404 error execute   signal: null,
404 error execute   cmd: 'npm run prepublish',
404 error execute   timedOut: false }
