0 info it worked if it ends with ok
1 verbose cli [ '/usr/local/bin/node',
1 verbose cli   '/usr/local/bin/npm',
1 verbose cli   'run',
1 verbose cli   'prepublish' ]
2 info using npm@4.1.2
3 info using node@v7.7.3
4 verbose run-script [ 'prepublish' ]
5 info lifecycle erector-pretransform@0.1.0-beta~prepublish: erector-pretransform@0.1.0-beta
6 verbose lifecycle erector-pretransform@0.1.0-beta~prepublish: unsafe-perm in lifecycle true
7 verbose lifecycle erector-pretransform@0.1.0-beta~prepublish: PATH: /usr/local/lib/node_modules/npm/bin/node-gyp-bin:/Users/morulus/Work/morulus/projects/erector/packages/erector-pretransform/node_modules/.bin:/Users/morulus/Work/morulus/projects/erector/packages/erector-pretransform/node_modules/.bin:/Users/morulus/Work/morulus/projects/erector/packages/node_modules/.bin:/Users/morulus/Work/morulus/projects/erector/node_modules/.bin:/Users/morulus/Work/morulus/projects/node_modules/.bin:/Users/morulus/Work/morulus/node_modules/.bin:/Users/morulus/Work/node_modules/.bin:/Users/morulus/node_modules/.bin:/Users/node_modules/.bin:/node_modules/.bin:/usr/local/bin:/Users/morulus/.rvm/gems/ruby-2.4.0/bin:/Users/morulus/.rvm/gems/ruby-2.4.0@global/bin:/Users/morulus/.rvm/rubies/ruby-2.4.0/bin:/usr/local/bin:/usr/bin:/bin:/usr/sbin:/sbin:/Users/morulus/.rvm/bin
8 verbose lifecycle erector-pretransform@0.1.0-beta~prepublish: CWD: /Users/morulus/Work/morulus/projects/erector/packages/erector-pretransform
9 silly lifecycle erector-pretransform@0.1.0-beta~prepublish: Args: [ '-c', 'npm run build' ]
10 silly lifecycle erector-pretransform@0.1.0-beta~prepublish: Returned: code: 1  signal: null
11 info lifecycle erector-pretransform@0.1.0-beta~prepublish: Failed to exec prepublish script
12 verbose stack Error: erector-pretransform@0.1.0-beta prepublish: `npm run build`
12 verbose stack Exit status 1
12 verbose stack     at EventEmitter.<anonymous> (/usr/local/lib/node_modules/npm/lib/utils/lifecycle.js:279:16)
12 verbose stack     at emitTwo (events.js:106:13)
12 verbose stack     at EventEmitter.emit (events.js:194:7)
12 verbose stack     at ChildProcess.<anonymous> (/usr/local/lib/node_modules/npm/lib/utils/spawn.js:40:14)
12 verbose stack     at emitTwo (events.js:106:13)
12 verbose stack     at ChildProcess.emit (events.js:194:7)
12 verbose stack     at maybeClose (internal/child_process.js:899:16)
12 verbose stack     at Process.ChildProcess._handle.onexit (internal/child_process.js:226:5)
13 verbose pkgid erector-pretransform@0.1.0-beta
14 verbose cwd /Users/morulus/Work/morulus/projects/erector/packages/erector-pretransform
15 error Darwin 16.7.0
16 error argv "/usr/local/bin/node" "/usr/local/bin/npm" "run" "prepublish"
17 error node v7.7.3
18 error npm  v4.1.2
19 error code ELIFECYCLE
20 error erector-pretransform@0.1.0-beta prepublish: `npm run build`
20 error Exit status 1
21 error Failed at the erector-pretransform@0.1.0-beta prepublish script 'npm run build'.
21 error Make sure you have the latest version of node.js and npm installed.
21 error If you do, this is most likely a problem with the erector-pretransform package,
21 error not with npm itself.
21 error Tell the author that this fails on your system:
21 error     npm run build
21 error You can get information on how to open an issue for this project with:
21 error     npm bugs erector-pretransform
21 error Or if that isn't available, you can get their info via:
21 error     npm owner ls erector-pretransform
21 error There is likely additional logging output above.
22 verbose exit [ 1, true ]
